[2021-11-13 08:23:12,990] DEBUG preRegister called. Server=com.sun.jmx.mbeanserver.JmxMBeanServer@6a38e57f, name=log4j:logger=kafka.controller (kafka.controller)
[2021-11-13 08:23:42,661] INFO [ControllerEventThread controllerId=0] Starting (kafka.controller.ControllerEventManager$ControllerEventThread)
[2021-11-13 08:23:42,720] INFO [Controller id=0] 0 successfully elected as the controller. Epoch incremented to 1 and epoch zk version is now 1 (kafka.controller.KafkaController)
[2021-11-13 08:23:42,724] INFO [Controller id=0] Creating FeatureZNode at path: /feature with contents: FeatureZNode(Enabled,Features{}) (kafka.controller.KafkaController)
[2021-11-13 08:23:42,781] INFO [Controller id=0] Registering handlers (kafka.controller.KafkaController)
[2021-11-13 08:23:42,789] INFO [Controller id=0] Deleting log dir event notifications (kafka.controller.KafkaController)
[2021-11-13 08:23:42,792] INFO [Controller id=0] Deleting isr change notifications (kafka.controller.KafkaController)
[2021-11-13 08:23:42,796] INFO [Controller id=0] Initializing controller context (kafka.controller.KafkaController)
[2021-11-13 08:23:42,813] INFO [Controller id=0] Initialized broker epochs cache: Map(0 -> 25) (kafka.controller.KafkaController)
[2021-11-13 08:23:42,819] DEBUG [Controller id=0] Register BrokerModifications handler for Set(0) (kafka.controller.KafkaController)
[2021-11-13 08:23:42,825] DEBUG [Channel manager on controller 0]: Controller 0 trying to connect to broker 0 (kafka.controller.ControllerChannelManager)
[2021-11-13 08:23:42,861] INFO [RequestSendThread controllerId=0] Starting (kafka.controller.RequestSendThread)
[2021-11-13 08:23:42,861] INFO [Controller id=0] Currently active brokers in the cluster: Set(0) (kafka.controller.KafkaController)
[2021-11-13 08:23:42,864] INFO [Controller id=0] Currently shutting brokers in the cluster: Set() (kafka.controller.KafkaController)
[2021-11-13 08:23:42,865] INFO [Controller id=0] Current list of topics in the cluster: Set() (kafka.controller.KafkaController)
[2021-11-13 08:23:42,865] INFO [Controller id=0] Fetching topic deletions in progress (kafka.controller.KafkaController)
[2021-11-13 08:23:42,868] INFO [Controller id=0] List of topics to be deleted:  (kafka.controller.KafkaController)
[2021-11-13 08:23:42,868] INFO [Controller id=0] List of topics ineligible for deletion:  (kafka.controller.KafkaController)
[2021-11-13 08:23:42,869] INFO [Controller id=0] Initializing topic deletion manager (kafka.controller.KafkaController)
[2021-11-13 08:23:42,869] INFO [Topic Deletion Manager 0] Initializing manager with initial deletions: Set(), initial ineligible deletions: Set() (kafka.controller.TopicDeletionManager)
[2021-11-13 08:23:42,869] INFO [Controller id=0] Sending update metadata request (kafka.controller.KafkaController)
[2021-11-13 08:23:42,882] INFO [ReplicaStateMachine controllerId=0] Initializing replica state (kafka.controller.ZkReplicaStateMachine)
[2021-11-13 08:23:42,883] INFO [ReplicaStateMachine controllerId=0] Triggering online replica state changes (kafka.controller.ZkReplicaStateMachine)
[2021-11-13 08:23:42,898] INFO [ReplicaStateMachine controllerId=0] Triggering offline replica state changes (kafka.controller.ZkReplicaStateMachine)
[2021-11-13 08:23:42,899] DEBUG [ReplicaStateMachine controllerId=0] Started replica state machine with initial state -> Map() (kafka.controller.ZkReplicaStateMachine)
[2021-11-13 08:23:42,900] INFO [PartitionStateMachine controllerId=0] Initializing partition state (kafka.controller.ZkPartitionStateMachine)
[2021-11-13 08:23:42,900] INFO [PartitionStateMachine controllerId=0] Triggering online partition state changes (kafka.controller.ZkPartitionStateMachine)
[2021-11-13 08:23:42,905] INFO [RequestSendThread controllerId=0] Controller 0 connected to 10.0.0.155:9092 (id: 0 rack: null) for sending state change requests (kafka.controller.RequestSendThread)
[2021-11-13 08:23:42,908] DEBUG [PartitionStateMachine controllerId=0] Started partition state machine with initial state -> Map() (kafka.controller.ZkPartitionStateMachine)
[2021-11-13 08:23:42,912] INFO [Controller id=0] Ready to serve as the new controller with epoch 1 (kafka.controller.KafkaController)
[2021-11-13 08:23:42,933] INFO [Controller id=0] Partitions undergoing preferred replica election:  (kafka.controller.KafkaController)
[2021-11-13 08:23:42,933] INFO [Controller id=0] Partitions that completed preferred replica election:  (kafka.controller.KafkaController)
[2021-11-13 08:23:42,933] INFO [Controller id=0] Skipping preferred replica election for partitions due to topic deletion:  (kafka.controller.KafkaController)
[2021-11-13 08:23:42,934] INFO [Controller id=0] Resuming preferred replica election for partitions:  (kafka.controller.KafkaController)
[2021-11-13 08:23:42,934] INFO [Controller id=0] Starting replica leader election (PREFERRED) for partitions  triggered by ZkTriggered (kafka.controller.KafkaController)
[2021-11-13 08:23:42,959] INFO [Controller id=0] Starting the controller scheduler (kafka.controller.KafkaController)
[2021-11-13 08:23:47,977] INFO [Controller id=0] Processing automatic preferred replica leader election (kafka.controller.KafkaController)
[2021-11-13 08:23:47,980] TRACE [Controller id=0] Checking need to trigger auto leader balancing (kafka.controller.KafkaController)
[2021-11-13 08:25:26,685] INFO [Controller id=0] New topics: [Set(response_topic)], deleted topics: [Set()], new partition replica assignment [Set(TopicIdReplicaAssignment(response_topic,Some(5VCxpfeKQlqq_pmw1CwE_A),Map(response_topic-0 -> ReplicaAssignment(replicas=0, addingReplicas=, removingReplicas=))))] (kafka.controller.KafkaController)
[2021-11-13 08:25:26,686] INFO [Controller id=0] New partition creation callback for response_topic-0 (kafka.controller.KafkaController)
[2021-11-13 08:25:34,023] INFO [Controller id=0] New topics: [Set(getRestaurants)], deleted topics: [Set()], new partition replica assignment [Set(TopicIdReplicaAssignment(getRestaurants,Some(N-CmWQBcSQSi2Tj__vbmZg),Map(getRestaurants-0 -> ReplicaAssignment(replicas=0, addingReplicas=, removingReplicas=))))] (kafka.controller.KafkaController)
[2021-11-13 08:25:34,024] INFO [Controller id=0] New partition creation callback for getRestaurants-0 (kafka.controller.KafkaController)
[2021-11-13 08:25:41,118] INFO [Controller id=0] New topics: [Set(customersignup)], deleted topics: [Set()], new partition replica assignment [Set(TopicIdReplicaAssignment(customersignup,Some(0WqNdaM_S-GkdcUM5ZMQgw),Map(customersignup-0 -> ReplicaAssignment(replicas=0, addingReplicas=, removingReplicas=))))] (kafka.controller.KafkaController)
[2021-11-13 08:25:41,119] INFO [Controller id=0] New partition creation callback for customersignup-0 (kafka.controller.KafkaController)
[2021-11-13 08:25:48,213] INFO [Controller id=0] New topics: [Set(customerLogin)], deleted topics: [Set()], new partition replica assignment [Set(TopicIdReplicaAssignment(customerLogin,Some(qoJI6XNETg-hmXEjDjQFLg),Map(customerLogin-0 -> ReplicaAssignment(replicas=0, addingReplicas=, removingReplicas=))))] (kafka.controller.KafkaController)
[2021-11-13 08:25:48,213] INFO [Controller id=0] New partition creation callback for customerLogin-0 (kafka.controller.KafkaController)
[2021-11-13 08:25:55,304] INFO [Controller id=0] New topics: [Set(restaurantsignup)], deleted topics: [Set()], new partition replica assignment [Set(TopicIdReplicaAssignment(restaurantsignup,Some(8b9xsVf6RfOe0md7CQMrBQ),Map(restaurantsignup-0 -> ReplicaAssignment(replicas=0, addingReplicas=, removingReplicas=))))] (kafka.controller.KafkaController)
[2021-11-13 08:25:55,305] INFO [Controller id=0] New partition creation callback for restaurantsignup-0 (kafka.controller.KafkaController)
[2021-11-13 08:26:02,430] INFO [Controller id=0] New topics: [Set(placeorder)], deleted topics: [Set()], new partition replica assignment [Set(TopicIdReplicaAssignment(placeorder,Some(Xa8SHRMgQkyKsCPkAxoP_w),Map(placeorder-0 -> ReplicaAssignment(replicas=0, addingReplicas=, removingReplicas=))))] (kafka.controller.KafkaController)
[2021-11-13 08:26:02,431] INFO [Controller id=0] New partition creation callback for placeorder-0 (kafka.controller.KafkaController)
[2021-11-13 08:26:09,498] INFO [Controller id=0] New topics: [Set(getCustomerOrders)], deleted topics: [Set()], new partition replica assignment [Set(TopicIdReplicaAssignment(getCustomerOrders,Some(ME3--88vQviLE5ikjyjuJQ),Map(getCustomerOrders-0 -> ReplicaAssignment(replicas=0, addingReplicas=, removingReplicas=))))] (kafka.controller.KafkaController)
[2021-11-13 08:26:09,498] INFO [Controller id=0] New partition creation callback for getCustomerOrders-0 (kafka.controller.KafkaController)
[2021-11-13 08:26:16,546] INFO [Controller id=0] New topics: [Set(updateCustomerProfile)], deleted topics: [Set()], new partition replica assignment [Set(TopicIdReplicaAssignment(updateCustomerProfile,Some(xavfMdsRRS-CvoYonu_TuQ),Map(updateCustomerProfile-0 -> ReplicaAssignment(replicas=0, addingReplicas=, removingReplicas=))))] (kafka.controller.KafkaController)
[2021-11-13 08:26:16,546] INFO [Controller id=0] New partition creation callback for updateCustomerProfile-0 (kafka.controller.KafkaController)
[2021-11-13 08:26:23,589] INFO [Controller id=0] New topics: [Set(getCustomerProfile)], deleted topics: [Set()], new partition replica assignment [Set(TopicIdReplicaAssignment(getCustomerProfile,Some(fP9J3BX0TGmdniXNpDANJQ),Map(getCustomerProfile-0 -> ReplicaAssignment(replicas=0, addingReplicas=, removingReplicas=))))] (kafka.controller.KafkaController)
[2021-11-13 08:26:23,590] INFO [Controller id=0] New partition creation callback for getCustomerProfile-0 (kafka.controller.KafkaController)
[2021-11-13 08:26:30,657] INFO [Controller id=0] New topics: [Set(addDish)], deleted topics: [Set()], new partition replica assignment [Set(TopicIdReplicaAssignment(addDish,Some(1nFJWtTjQSSIV9Bs19XpFA),Map(addDish-0 -> ReplicaAssignment(replicas=0, addingReplicas=, removingReplicas=))))] (kafka.controller.KafkaController)
[2021-11-13 08:26:30,657] INFO [Controller id=0] New partition creation callback for addDish-0 (kafka.controller.KafkaController)
[2021-11-13 08:26:37,731] INFO [Controller id=0] New topics: [Set(updateDish)], deleted topics: [Set()], new partition replica assignment [Set(TopicIdReplicaAssignment(updateDish,Some(1tFqIJ42R5Cu-_JBdX_AVw),Map(updateDish-0 -> ReplicaAssignment(replicas=0, addingReplicas=, removingReplicas=))))] (kafka.controller.KafkaController)
[2021-11-13 08:26:37,731] INFO [Controller id=0] New partition creation callback for updateDish-0 (kafka.controller.KafkaController)
[2021-11-13 08:26:44,833] INFO [Controller id=0] New topics: [Set(updateRestaurantProfile)], deleted topics: [Set()], new partition replica assignment [Set(TopicIdReplicaAssignment(updateRestaurantProfile,Some(53R-bL2PRXehDuigDxS7zg),Map(updateRestaurantProfile-0 -> ReplicaAssignment(replicas=0, addingReplicas=, removingReplicas=))))] (kafka.controller.KafkaController)
[2021-11-13 08:26:44,833] INFO [Controller id=0] New partition creation callback for updateRestaurantProfile-0 (kafka.controller.KafkaController)
[2021-11-13 08:26:51,891] INFO [Controller id=0] New topics: [Set(getRestaurantOrders)], deleted topics: [Set()], new partition replica assignment [Set(TopicIdReplicaAssignment(getRestaurantOrders,Some(poh3xhG5RsyOTEAnJeLsvQ),Map(getRestaurantOrders-0 -> ReplicaAssignment(replicas=0, addingReplicas=, removingReplicas=))))] (kafka.controller.KafkaController)
[2021-11-13 08:26:51,891] INFO [Controller id=0] New partition creation callback for getRestaurantOrders-0 (kafka.controller.KafkaController)
[2021-11-13 08:28:47,984] INFO [Controller id=0] Processing automatic preferred replica leader election (kafka.controller.KafkaController)
[2021-11-13 08:28:47,992] TRACE [Controller id=0] Checking need to trigger auto leader balancing (kafka.controller.KafkaController)
[2021-11-13 08:28:48,044] DEBUG [Controller id=0] Topics not in preferred replica for broker 0 Map() (kafka.controller.KafkaController)
[2021-11-13 08:28:48,055] TRACE [Controller id=0] Leader imbalance ratio for broker 0 is 0.0 (kafka.controller.KafkaController)
[2021-11-13 08:33:48,068] INFO [Controller id=0] Processing automatic preferred replica leader election (kafka.controller.KafkaController)
[2021-11-13 08:33:48,071] TRACE [Controller id=0] Checking need to trigger auto leader balancing (kafka.controller.KafkaController)
[2021-11-13 08:33:48,082] DEBUG [Controller id=0] Topics not in preferred replica for broker 0 Map() (kafka.controller.KafkaController)
[2021-11-13 08:33:48,083] TRACE [Controller id=0] Leader imbalance ratio for broker 0 is 0.0 (kafka.controller.KafkaController)
