[2021-11-13 08:23:42,875] INFO [Controller id=0 epoch=1] Sending UpdateMetadata request to brokers Set(0) for 0 partitions (state.change.logger)
[2021-11-13 08:25:26,702] INFO [Controller id=0 epoch=1] Changed partition response_topic-0 state from NonExistentPartition to NewPartition with assigned replicas 0 (state.change.logger)
[2021-11-13 08:25:26,731] INFO [Controller id=0 epoch=1] Sending UpdateMetadata request to brokers Set() for 0 partitions (state.change.logger)
[2021-11-13 08:25:26,754] INFO [Controller id=0 epoch=1] Sending UpdateMetadata request to brokers Set() for 0 partitions (state.change.logger)
[2021-11-13 08:25:26,851] INFO [Controller id=0 epoch=1] Changed partition response_topic-0 from NewPartition to OnlinePartition with state LeaderAndIsr(leader=0, leaderEpoch=0, isr=List(0), zkVersion=0) (state.change.logger)
[2021-11-13 08:25:26,853] INFO [Controller id=0 epoch=1] Sending LeaderAndIsr request to broker 0 with 1 become-leader and 0 become-follower partitions (state.change.logger)
[2021-11-13 08:25:26,856] INFO [Controller id=0 epoch=1] Sending UpdateMetadata request to brokers Set(0) for 1 partitions (state.change.logger)
[2021-11-13 08:25:26,859] INFO [Controller id=0 epoch=1] Sending UpdateMetadata request to brokers Set() for 0 partitions (state.change.logger)
[2021-11-13 08:25:26,864] INFO [Broker id=0] Handling LeaderAndIsr request correlationId 1 from controller 0 for 1 partitions (state.change.logger)
[2021-11-13 08:25:26,888] INFO [Broker id=0] Stopped fetchers as part of LeaderAndIsr request correlationId 1 from controller 0 epoch 1 as part of the become-leader transition for 1 partitions (state.change.logger)
[2021-11-13 08:25:26,984] INFO [Broker id=0] Leader response_topic-0 starts at leader epoch 0 from offset 0 with high watermark 0 ISR [0] addingReplicas [] removingReplicas []. Previous leader epoch was -1. (state.change.logger)
[2021-11-13 08:25:27,017] INFO [Broker id=0] Finished LeaderAndIsr request in 153ms correlationId 1 from controller 0 for 1 partitions (state.change.logger)
[2021-11-13 08:25:27,042] INFO [Broker id=0] Add 1 partitions and deleted 0 partitions from metadata cache in response to UpdateMetadata request sent by controller 0 epoch 1 with correlation id 2 (state.change.logger)
[2021-11-13 08:25:34,024] INFO [Controller id=0 epoch=1] Changed partition getRestaurants-0 state from NonExistentPartition to NewPartition with assigned replicas 0 (state.change.logger)
[2021-11-13 08:25:34,024] INFO [Controller id=0 epoch=1] Sending UpdateMetadata request to brokers Set() for 0 partitions (state.change.logger)
[2021-11-13 08:25:34,024] INFO [Controller id=0 epoch=1] Sending UpdateMetadata request to brokers Set() for 0 partitions (state.change.logger)
[2021-11-13 08:25:34,094] INFO [Controller id=0 epoch=1] Changed partition getRestaurants-0 from NewPartition to OnlinePartition with state LeaderAndIsr(leader=0, leaderEpoch=0, isr=List(0), zkVersion=0) (state.change.logger)
[2021-11-13 08:25:34,095] INFO [Controller id=0 epoch=1] Sending LeaderAndIsr request to broker 0 with 1 become-leader and 0 become-follower partitions (state.change.logger)
[2021-11-13 08:25:34,095] INFO [Controller id=0 epoch=1] Sending UpdateMetadata request to brokers Set(0) for 1 partitions (state.change.logger)
[2021-11-13 08:25:34,097] INFO [Controller id=0 epoch=1] Sending UpdateMetadata request to brokers Set() for 0 partitions (state.change.logger)
[2021-11-13 08:25:34,099] INFO [Broker id=0] Handling LeaderAndIsr request correlationId 3 from controller 0 for 1 partitions (state.change.logger)
[2021-11-13 08:25:34,102] INFO [Broker id=0] Stopped fetchers as part of LeaderAndIsr request correlationId 3 from controller 0 epoch 1 as part of the become-leader transition for 1 partitions (state.change.logger)
[2021-11-13 08:25:34,132] INFO [Broker id=0] Leader getRestaurants-0 starts at leader epoch 0 from offset 0 with high watermark 0 ISR [0] addingReplicas [] removingReplicas []. Previous leader epoch was -1. (state.change.logger)
[2021-11-13 08:25:34,153] INFO [Broker id=0] Finished LeaderAndIsr request in 53ms correlationId 3 from controller 0 for 1 partitions (state.change.logger)
[2021-11-13 08:25:34,156] INFO [Broker id=0] Add 1 partitions and deleted 0 partitions from metadata cache in response to UpdateMetadata request sent by controller 0 epoch 1 with correlation id 4 (state.change.logger)
[2021-11-13 08:25:41,119] INFO [Controller id=0 epoch=1] Changed partition customersignup-0 state from NonExistentPartition to NewPartition with assigned replicas 0 (state.change.logger)
[2021-11-13 08:25:41,119] INFO [Controller id=0 epoch=1] Sending UpdateMetadata request to brokers Set() for 0 partitions (state.change.logger)
[2021-11-13 08:25:41,120] INFO [Controller id=0 epoch=1] Sending UpdateMetadata request to brokers Set() for 0 partitions (state.change.logger)
[2021-11-13 08:25:41,184] INFO [Controller id=0 epoch=1] Changed partition customersignup-0 from NewPartition to OnlinePartition with state LeaderAndIsr(leader=0, leaderEpoch=0, isr=List(0), zkVersion=0) (state.change.logger)
[2021-11-13 08:25:41,184] INFO [Controller id=0 epoch=1] Sending LeaderAndIsr request to broker 0 with 1 become-leader and 0 become-follower partitions (state.change.logger)
[2021-11-13 08:25:41,184] INFO [Controller id=0 epoch=1] Sending UpdateMetadata request to brokers Set(0) for 1 partitions (state.change.logger)
[2021-11-13 08:25:41,184] INFO [Controller id=0 epoch=1] Sending UpdateMetadata request to brokers Set() for 0 partitions (state.change.logger)
[2021-11-13 08:25:41,185] INFO [Broker id=0] Handling LeaderAndIsr request correlationId 5 from controller 0 for 1 partitions (state.change.logger)
[2021-11-13 08:25:41,186] INFO [Broker id=0] Stopped fetchers as part of LeaderAndIsr request correlationId 5 from controller 0 epoch 1 as part of the become-leader transition for 1 partitions (state.change.logger)
[2021-11-13 08:25:41,195] INFO [Broker id=0] Leader customersignup-0 starts at leader epoch 0 from offset 0 with high watermark 0 ISR [0] addingReplicas [] removingReplicas []. Previous leader epoch was -1. (state.change.logger)
[2021-11-13 08:25:41,216] INFO [Broker id=0] Finished LeaderAndIsr request in 31ms correlationId 5 from controller 0 for 1 partitions (state.change.logger)
[2021-11-13 08:25:41,219] INFO [Broker id=0] Add 1 partitions and deleted 0 partitions from metadata cache in response to UpdateMetadata request sent by controller 0 epoch 1 with correlation id 6 (state.change.logger)
[2021-11-13 08:25:48,213] INFO [Controller id=0 epoch=1] Changed partition customerLogin-0 state from NonExistentPartition to NewPartition with assigned replicas 0 (state.change.logger)
[2021-11-13 08:25:48,213] INFO [Controller id=0 epoch=1] Sending UpdateMetadata request to brokers Set() for 0 partitions (state.change.logger)
[2021-11-13 08:25:48,214] INFO [Controller id=0 epoch=1] Sending UpdateMetadata request to brokers Set() for 0 partitions (state.change.logger)
[2021-11-13 08:25:48,263] INFO [Controller id=0 epoch=1] Changed partition customerLogin-0 from NewPartition to OnlinePartition with state LeaderAndIsr(leader=0, leaderEpoch=0, isr=List(0), zkVersion=0) (state.change.logger)
[2021-11-13 08:25:48,264] INFO [Controller id=0 epoch=1] Sending LeaderAndIsr request to broker 0 with 1 become-leader and 0 become-follower partitions (state.change.logger)
[2021-11-13 08:25:48,265] INFO [Controller id=0 epoch=1] Sending UpdateMetadata request to brokers Set(0) for 1 partitions (state.change.logger)
[2021-11-13 08:25:48,266] INFO [Controller id=0 epoch=1] Sending UpdateMetadata request to brokers Set() for 0 partitions (state.change.logger)
[2021-11-13 08:25:48,267] INFO [Broker id=0] Handling LeaderAndIsr request correlationId 7 from controller 0 for 1 partitions (state.change.logger)
[2021-11-13 08:25:48,270] INFO [Broker id=0] Stopped fetchers as part of LeaderAndIsr request correlationId 7 from controller 0 epoch 1 as part of the become-leader transition for 1 partitions (state.change.logger)
[2021-11-13 08:25:48,294] INFO [Broker id=0] Leader customerLogin-0 starts at leader epoch 0 from offset 0 with high watermark 0 ISR [0] addingReplicas [] removingReplicas []. Previous leader epoch was -1. (state.change.logger)
[2021-11-13 08:25:48,315] INFO [Broker id=0] Finished LeaderAndIsr request in 49ms correlationId 7 from controller 0 for 1 partitions (state.change.logger)
[2021-11-13 08:25:48,318] INFO [Broker id=0] Add 1 partitions and deleted 0 partitions from metadata cache in response to UpdateMetadata request sent by controller 0 epoch 1 with correlation id 8 (state.change.logger)
[2021-11-13 08:25:55,305] INFO [Controller id=0 epoch=1] Changed partition restaurantsignup-0 state from NonExistentPartition to NewPartition with assigned replicas 0 (state.change.logger)
[2021-11-13 08:25:55,305] INFO [Controller id=0 epoch=1] Sending UpdateMetadata request to brokers Set() for 0 partitions (state.change.logger)
[2021-11-13 08:25:55,305] INFO [Controller id=0 epoch=1] Sending UpdateMetadata request to brokers Set() for 0 partitions (state.change.logger)
[2021-11-13 08:25:55,370] INFO [Controller id=0 epoch=1] Changed partition restaurantsignup-0 from NewPartition to OnlinePartition with state LeaderAndIsr(leader=0, leaderEpoch=0, isr=List(0), zkVersion=0) (state.change.logger)
[2021-11-13 08:25:55,371] INFO [Controller id=0 epoch=1] Sending LeaderAndIsr request to broker 0 with 1 become-leader and 0 become-follower partitions (state.change.logger)
[2021-11-13 08:25:55,372] INFO [Controller id=0 epoch=1] Sending UpdateMetadata request to brokers Set(0) for 1 partitions (state.change.logger)
[2021-11-13 08:25:55,373] INFO [Controller id=0 epoch=1] Sending UpdateMetadata request to brokers Set() for 0 partitions (state.change.logger)
[2021-11-13 08:25:55,376] INFO [Broker id=0] Handling LeaderAndIsr request correlationId 9 from controller 0 for 1 partitions (state.change.logger)
[2021-11-13 08:25:55,377] INFO [Broker id=0] Stopped fetchers as part of LeaderAndIsr request correlationId 9 from controller 0 epoch 1 as part of the become-leader transition for 1 partitions (state.change.logger)
[2021-11-13 08:25:55,401] INFO [Broker id=0] Leader restaurantsignup-0 starts at leader epoch 0 from offset 0 with high watermark 0 ISR [0] addingReplicas [] removingReplicas []. Previous leader epoch was -1. (state.change.logger)
[2021-11-13 08:25:55,421] INFO [Broker id=0] Finished LeaderAndIsr request in 45ms correlationId 9 from controller 0 for 1 partitions (state.change.logger)
[2021-11-13 08:25:55,424] INFO [Broker id=0] Add 1 partitions and deleted 0 partitions from metadata cache in response to UpdateMetadata request sent by controller 0 epoch 1 with correlation id 10 (state.change.logger)
[2021-11-13 08:26:02,431] INFO [Controller id=0 epoch=1] Changed partition placeorder-0 state from NonExistentPartition to NewPartition with assigned replicas 0 (state.change.logger)
[2021-11-13 08:26:02,431] INFO [Controller id=0 epoch=1] Sending UpdateMetadata request to brokers Set() for 0 partitions (state.change.logger)
[2021-11-13 08:26:02,432] INFO [Controller id=0 epoch=1] Sending UpdateMetadata request to brokers Set() for 0 partitions (state.change.logger)
[2021-11-13 08:26:02,496] INFO [Controller id=0 epoch=1] Changed partition placeorder-0 from NewPartition to OnlinePartition with state LeaderAndIsr(leader=0, leaderEpoch=0, isr=List(0), zkVersion=0) (state.change.logger)
[2021-11-13 08:26:02,496] INFO [Controller id=0 epoch=1] Sending LeaderAndIsr request to broker 0 with 1 become-leader and 0 become-follower partitions (state.change.logger)
[2021-11-13 08:26:02,497] INFO [Controller id=0 epoch=1] Sending UpdateMetadata request to brokers Set(0) for 1 partitions (state.change.logger)
[2021-11-13 08:26:02,498] INFO [Controller id=0 epoch=1] Sending UpdateMetadata request to brokers Set() for 0 partitions (state.change.logger)
[2021-11-13 08:26:02,499] INFO [Broker id=0] Handling LeaderAndIsr request correlationId 11 from controller 0 for 1 partitions (state.change.logger)
[2021-11-13 08:26:02,500] INFO [Broker id=0] Stopped fetchers as part of LeaderAndIsr request correlationId 11 from controller 0 epoch 1 as part of the become-leader transition for 1 partitions (state.change.logger)
[2021-11-13 08:26:02,524] INFO [Broker id=0] Leader placeorder-0 starts at leader epoch 0 from offset 0 with high watermark 0 ISR [0] addingReplicas [] removingReplicas []. Previous leader epoch was -1. (state.change.logger)
[2021-11-13 08:26:02,543] INFO [Broker id=0] Finished LeaderAndIsr request in 44ms correlationId 11 from controller 0 for 1 partitions (state.change.logger)
[2021-11-13 08:26:02,545] INFO [Broker id=0] Add 1 partitions and deleted 0 partitions from metadata cache in response to UpdateMetadata request sent by controller 0 epoch 1 with correlation id 12 (state.change.logger)
[2021-11-13 08:26:09,498] INFO [Controller id=0 epoch=1] Changed partition getCustomerOrders-0 state from NonExistentPartition to NewPartition with assigned replicas 0 (state.change.logger)
[2021-11-13 08:26:09,498] INFO [Controller id=0 epoch=1] Sending UpdateMetadata request to brokers Set() for 0 partitions (state.change.logger)
[2021-11-13 08:26:09,498] INFO [Controller id=0 epoch=1] Sending UpdateMetadata request to brokers Set() for 0 partitions (state.change.logger)
[2021-11-13 08:26:09,549] INFO [Controller id=0 epoch=1] Changed partition getCustomerOrders-0 from NewPartition to OnlinePartition with state LeaderAndIsr(leader=0, leaderEpoch=0, isr=List(0), zkVersion=0) (state.change.logger)
[2021-11-13 08:26:09,549] INFO [Controller id=0 epoch=1] Sending LeaderAndIsr request to broker 0 with 1 become-leader and 0 become-follower partitions (state.change.logger)
[2021-11-13 08:26:09,553] INFO [Controller id=0 epoch=1] Sending UpdateMetadata request to brokers Set(0) for 1 partitions (state.change.logger)
[2021-11-13 08:26:09,553] INFO [Broker id=0] Handling LeaderAndIsr request correlationId 13 from controller 0 for 1 partitions (state.change.logger)
[2021-11-13 08:26:09,554] INFO [Controller id=0 epoch=1] Sending UpdateMetadata request to brokers Set() for 0 partitions (state.change.logger)
[2021-11-13 08:26:09,556] INFO [Broker id=0] Stopped fetchers as part of LeaderAndIsr request correlationId 13 from controller 0 epoch 1 as part of the become-leader transition for 1 partitions (state.change.logger)
[2021-11-13 08:26:09,585] INFO [Broker id=0] Leader getCustomerOrders-0 starts at leader epoch 0 from offset 0 with high watermark 0 ISR [0] addingReplicas [] removingReplicas []. Previous leader epoch was -1. (state.change.logger)
[2021-11-13 08:26:09,604] INFO [Broker id=0] Finished LeaderAndIsr request in 52ms correlationId 13 from controller 0 for 1 partitions (state.change.logger)
[2021-11-13 08:26:09,606] INFO [Broker id=0] Add 1 partitions and deleted 0 partitions from metadata cache in response to UpdateMetadata request sent by controller 0 epoch 1 with correlation id 14 (state.change.logger)
[2021-11-13 08:26:16,546] INFO [Controller id=0 epoch=1] Changed partition updateCustomerProfile-0 state from NonExistentPartition to NewPartition with assigned replicas 0 (state.change.logger)
[2021-11-13 08:26:16,546] INFO [Controller id=0 epoch=1] Sending UpdateMetadata request to brokers Set() for 0 partitions (state.change.logger)
[2021-11-13 08:26:16,547] INFO [Controller id=0 epoch=1] Sending UpdateMetadata request to brokers Set() for 0 partitions (state.change.logger)
[2021-11-13 08:26:16,593] INFO [Controller id=0 epoch=1] Changed partition updateCustomerProfile-0 from NewPartition to OnlinePartition with state LeaderAndIsr(leader=0, leaderEpoch=0, isr=List(0), zkVersion=0) (state.change.logger)
[2021-11-13 08:26:16,593] INFO [Controller id=0 epoch=1] Sending LeaderAndIsr request to broker 0 with 1 become-leader and 0 become-follower partitions (state.change.logger)
[2021-11-13 08:26:16,593] INFO [Controller id=0 epoch=1] Sending UpdateMetadata request to brokers Set(0) for 1 partitions (state.change.logger)
[2021-11-13 08:26:16,594] INFO [Controller id=0 epoch=1] Sending UpdateMetadata request to brokers Set() for 0 partitions (state.change.logger)
[2021-11-13 08:26:16,594] INFO [Broker id=0] Handling LeaderAndIsr request correlationId 15 from controller 0 for 1 partitions (state.change.logger)
[2021-11-13 08:26:16,597] INFO [Broker id=0] Stopped fetchers as part of LeaderAndIsr request correlationId 15 from controller 0 epoch 1 as part of the become-leader transition for 1 partitions (state.change.logger)
[2021-11-13 08:26:16,624] INFO [Broker id=0] Leader updateCustomerProfile-0 starts at leader epoch 0 from offset 0 with high watermark 0 ISR [0] addingReplicas [] removingReplicas []. Previous leader epoch was -1. (state.change.logger)
[2021-11-13 08:26:16,645] INFO [Broker id=0] Finished LeaderAndIsr request in 51ms correlationId 15 from controller 0 for 1 partitions (state.change.logger)
[2021-11-13 08:26:16,647] INFO [Broker id=0] Add 1 partitions and deleted 0 partitions from metadata cache in response to UpdateMetadata request sent by controller 0 epoch 1 with correlation id 16 (state.change.logger)
[2021-11-13 08:26:23,590] INFO [Controller id=0 epoch=1] Changed partition getCustomerProfile-0 state from NonExistentPartition to NewPartition with assigned replicas 0 (state.change.logger)
[2021-11-13 08:26:23,590] INFO [Controller id=0 epoch=1] Sending UpdateMetadata request to brokers Set() for 0 partitions (state.change.logger)
[2021-11-13 08:26:23,590] INFO [Controller id=0 epoch=1] Sending UpdateMetadata request to brokers Set() for 0 partitions (state.change.logger)
[2021-11-13 08:26:23,653] INFO [Controller id=0 epoch=1] Changed partition getCustomerProfile-0 from NewPartition to OnlinePartition with state LeaderAndIsr(leader=0, leaderEpoch=0, isr=List(0), zkVersion=0) (state.change.logger)
[2021-11-13 08:26:23,653] INFO [Controller id=0 epoch=1] Sending LeaderAndIsr request to broker 0 with 1 become-leader and 0 become-follower partitions (state.change.logger)
[2021-11-13 08:26:23,655] INFO [Controller id=0 epoch=1] Sending UpdateMetadata request to brokers Set(0) for 1 partitions (state.change.logger)
[2021-11-13 08:26:23,658] INFO [Broker id=0] Handling LeaderAndIsr request correlationId 17 from controller 0 for 1 partitions (state.change.logger)
[2021-11-13 08:26:23,658] INFO [Controller id=0 epoch=1] Sending UpdateMetadata request to brokers Set() for 0 partitions (state.change.logger)
[2021-11-13 08:26:23,660] INFO [Broker id=0] Stopped fetchers as part of LeaderAndIsr request correlationId 17 from controller 0 epoch 1 as part of the become-leader transition for 1 partitions (state.change.logger)
[2021-11-13 08:26:23,686] INFO [Broker id=0] Leader getCustomerProfile-0 starts at leader epoch 0 from offset 0 with high watermark 0 ISR [0] addingReplicas [] removingReplicas []. Previous leader epoch was -1. (state.change.logger)
[2021-11-13 08:26:23,706] INFO [Broker id=0] Finished LeaderAndIsr request in 48ms correlationId 17 from controller 0 for 1 partitions (state.change.logger)
[2021-11-13 08:26:23,709] INFO [Broker id=0] Add 1 partitions and deleted 0 partitions from metadata cache in response to UpdateMetadata request sent by controller 0 epoch 1 with correlation id 18 (state.change.logger)
[2021-11-13 08:26:30,658] INFO [Controller id=0 epoch=1] Changed partition addDish-0 state from NonExistentPartition to NewPartition with assigned replicas 0 (state.change.logger)
[2021-11-13 08:26:30,658] INFO [Controller id=0 epoch=1] Sending UpdateMetadata request to brokers Set() for 0 partitions (state.change.logger)
[2021-11-13 08:26:30,658] INFO [Controller id=0 epoch=1] Sending UpdateMetadata request to brokers Set() for 0 partitions (state.change.logger)
[2021-11-13 08:26:30,727] INFO [Controller id=0 epoch=1] Changed partition addDish-0 from NewPartition to OnlinePartition with state LeaderAndIsr(leader=0, leaderEpoch=0, isr=List(0), zkVersion=0) (state.change.logger)
[2021-11-13 08:26:30,727] INFO [Controller id=0 epoch=1] Sending LeaderAndIsr request to broker 0 with 1 become-leader and 0 become-follower partitions (state.change.logger)
[2021-11-13 08:26:30,728] INFO [Controller id=0 epoch=1] Sending UpdateMetadata request to brokers Set(0) for 1 partitions (state.change.logger)
[2021-11-13 08:26:30,728] INFO [Controller id=0 epoch=1] Sending UpdateMetadata request to brokers Set() for 0 partitions (state.change.logger)
[2021-11-13 08:26:30,730] INFO [Broker id=0] Handling LeaderAndIsr request correlationId 19 from controller 0 for 1 partitions (state.change.logger)
[2021-11-13 08:26:30,731] INFO [Broker id=0] Stopped fetchers as part of LeaderAndIsr request correlationId 19 from controller 0 epoch 1 as part of the become-leader transition for 1 partitions (state.change.logger)
[2021-11-13 08:26:30,739] INFO [Broker id=0] Leader addDish-0 starts at leader epoch 0 from offset 0 with high watermark 0 ISR [0] addingReplicas [] removingReplicas []. Previous leader epoch was -1. (state.change.logger)
[2021-11-13 08:26:30,776] INFO [Broker id=0] Finished LeaderAndIsr request in 46ms correlationId 19 from controller 0 for 1 partitions (state.change.logger)
[2021-11-13 08:26:30,780] INFO [Broker id=0] Add 1 partitions and deleted 0 partitions from metadata cache in response to UpdateMetadata request sent by controller 0 epoch 1 with correlation id 20 (state.change.logger)
[2021-11-13 08:26:37,731] INFO [Controller id=0 epoch=1] Changed partition updateDish-0 state from NonExistentPartition to NewPartition with assigned replicas 0 (state.change.logger)
[2021-11-13 08:26:37,731] INFO [Controller id=0 epoch=1] Sending UpdateMetadata request to brokers Set() for 0 partitions (state.change.logger)
[2021-11-13 08:26:37,732] INFO [Controller id=0 epoch=1] Sending UpdateMetadata request to brokers Set() for 0 partitions (state.change.logger)
[2021-11-13 08:26:37,797] INFO [Controller id=0 epoch=1] Changed partition updateDish-0 from NewPartition to OnlinePartition with state LeaderAndIsr(leader=0, leaderEpoch=0, isr=List(0), zkVersion=0) (state.change.logger)
[2021-11-13 08:26:37,797] INFO [Controller id=0 epoch=1] Sending LeaderAndIsr request to broker 0 with 1 become-leader and 0 become-follower partitions (state.change.logger)
[2021-11-13 08:26:37,798] INFO [Controller id=0 epoch=1] Sending UpdateMetadata request to brokers Set(0) for 1 partitions (state.change.logger)
[2021-11-13 08:26:37,800] INFO [Controller id=0 epoch=1] Sending UpdateMetadata request to brokers Set() for 0 partitions (state.change.logger)
[2021-11-13 08:26:37,801] INFO [Broker id=0] Handling LeaderAndIsr request correlationId 21 from controller 0 for 1 partitions (state.change.logger)
[2021-11-13 08:26:37,806] INFO [Broker id=0] Stopped fetchers as part of LeaderAndIsr request correlationId 21 from controller 0 epoch 1 as part of the become-leader transition for 1 partitions (state.change.logger)
[2021-11-13 08:26:37,831] INFO [Broker id=0] Leader updateDish-0 starts at leader epoch 0 from offset 0 with high watermark 0 ISR [0] addingReplicas [] removingReplicas []. Previous leader epoch was -1. (state.change.logger)
[2021-11-13 08:26:37,850] INFO [Broker id=0] Finished LeaderAndIsr request in 49ms correlationId 21 from controller 0 for 1 partitions (state.change.logger)
[2021-11-13 08:26:37,852] INFO [Broker id=0] Add 1 partitions and deleted 0 partitions from metadata cache in response to UpdateMetadata request sent by controller 0 epoch 1 with correlation id 22 (state.change.logger)
[2021-11-13 08:26:44,833] INFO [Controller id=0 epoch=1] Changed partition updateRestaurantProfile-0 state from NonExistentPartition to NewPartition with assigned replicas 0 (state.change.logger)
[2021-11-13 08:26:44,833] INFO [Controller id=0 epoch=1] Sending UpdateMetadata request to brokers Set() for 0 partitions (state.change.logger)
[2021-11-13 08:26:44,834] INFO [Controller id=0 epoch=1] Sending UpdateMetadata request to brokers Set() for 0 partitions (state.change.logger)
[2021-11-13 08:26:44,898] INFO [Controller id=0 epoch=1] Changed partition updateRestaurantProfile-0 from NewPartition to OnlinePartition with state LeaderAndIsr(leader=0, leaderEpoch=0, isr=List(0), zkVersion=0) (state.change.logger)
[2021-11-13 08:26:44,898] INFO [Controller id=0 epoch=1] Sending LeaderAndIsr request to broker 0 with 1 become-leader and 0 become-follower partitions (state.change.logger)
[2021-11-13 08:26:44,899] INFO [Controller id=0 epoch=1] Sending UpdateMetadata request to brokers Set(0) for 1 partitions (state.change.logger)
[2021-11-13 08:26:44,899] INFO [Controller id=0 epoch=1] Sending UpdateMetadata request to brokers Set() for 0 partitions (state.change.logger)
[2021-11-13 08:26:44,900] INFO [Broker id=0] Handling LeaderAndIsr request correlationId 23 from controller 0 for 1 partitions (state.change.logger)
[2021-11-13 08:26:44,903] INFO [Broker id=0] Stopped fetchers as part of LeaderAndIsr request correlationId 23 from controller 0 epoch 1 as part of the become-leader transition for 1 partitions (state.change.logger)
[2021-11-13 08:26:44,930] INFO [Broker id=0] Leader updateRestaurantProfile-0 starts at leader epoch 0 from offset 0 with high watermark 0 ISR [0] addingReplicas [] removingReplicas []. Previous leader epoch was -1. (state.change.logger)
[2021-11-13 08:26:44,952] INFO [Broker id=0] Finished LeaderAndIsr request in 52ms correlationId 23 from controller 0 for 1 partitions (state.change.logger)
[2021-11-13 08:26:44,954] INFO [Broker id=0] Add 1 partitions and deleted 0 partitions from metadata cache in response to UpdateMetadata request sent by controller 0 epoch 1 with correlation id 24 (state.change.logger)
[2021-11-13 08:26:51,892] INFO [Controller id=0 epoch=1] Changed partition getRestaurantOrders-0 state from NonExistentPartition to NewPartition with assigned replicas 0 (state.change.logger)
[2021-11-13 08:26:51,892] INFO [Controller id=0 epoch=1] Sending UpdateMetadata request to brokers Set() for 0 partitions (state.change.logger)
[2021-11-13 08:26:51,892] INFO [Controller id=0 epoch=1] Sending UpdateMetadata request to brokers Set() for 0 partitions (state.change.logger)
[2021-11-13 08:26:51,956] INFO [Controller id=0 epoch=1] Changed partition getRestaurantOrders-0 from NewPartition to OnlinePartition with state LeaderAndIsr(leader=0, leaderEpoch=0, isr=List(0), zkVersion=0) (state.change.logger)
[2021-11-13 08:26:51,957] INFO [Controller id=0 epoch=1] Sending LeaderAndIsr request to broker 0 with 1 become-leader and 0 become-follower partitions (state.change.logger)
[2021-11-13 08:26:51,957] INFO [Controller id=0 epoch=1] Sending UpdateMetadata request to brokers Set(0) for 1 partitions (state.change.logger)
[2021-11-13 08:26:51,958] INFO [Controller id=0 epoch=1] Sending UpdateMetadata request to brokers Set() for 0 partitions (state.change.logger)
[2021-11-13 08:26:51,958] INFO [Broker id=0] Handling LeaderAndIsr request correlationId 25 from controller 0 for 1 partitions (state.change.logger)
[2021-11-13 08:26:51,961] INFO [Broker id=0] Stopped fetchers as part of LeaderAndIsr request correlationId 25 from controller 0 epoch 1 as part of the become-leader transition for 1 partitions (state.change.logger)
[2021-11-13 08:26:51,987] INFO [Broker id=0] Leader getRestaurantOrders-0 starts at leader epoch 0 from offset 0 with high watermark 0 ISR [0] addingReplicas [] removingReplicas []. Previous leader epoch was -1. (state.change.logger)
[2021-11-13 08:26:52,006] INFO [Broker id=0] Finished LeaderAndIsr request in 47ms correlationId 25 from controller 0 for 1 partitions (state.change.logger)
[2021-11-13 08:26:52,010] INFO [Broker id=0] Add 1 partitions and deleted 0 partitions from metadata cache in response to UpdateMetadata request sent by controller 0 epoch 1 with correlation id 26 (state.change.logger)
